<?xml version="1.0" encoding="UTF-8"?>
<testsuite name="com.app.server.service.salesboundedcontext.sales.MaterialTestCase" tests="6" skipped="0" failures="0" errors="0" timestamp="2016-04-02T09:32:47" hostname="431ae795be74" time="0.124">
  <properties/>
  <testcase name="test1Save" classname="com.app.server.service.salesboundedcontext.sales.MaterialTestCase" time="0.066"/>
  <testcase name="test2Update" classname="com.app.server.service.salesboundedcontext.sales.MaterialTestCase" time="0.016"/>
  <testcase name="test3FindById" classname="com.app.server.service.salesboundedcontext.sales.MaterialTestCase" time="0.005"/>
  <testcase name="test3findBybrandcode" classname="com.app.server.service.salesboundedcontext.sales.MaterialTestCase" time="0.008"/>
  <testcase name="test5NegativeTesting" classname="com.app.server.service.salesboundedcontext.sales.MaterialTestCase" time="0.011"/>
  <testcase name="test6Delete" classname="com.app.server.service.salesboundedcontext.sales.MaterialTestCase" time="0.017"/>
  <system-out><![CDATA[[EL Fine]: sql: 2016-04-02 09:32:47.142--ClientSession(249516182)--Connection(1822933698)--Thread(Thread[Test worker,5,main])--INSERT INTO ast_Category_M (categoryId, category, versionId, createdBy, createdDate, updatedBy, updatedDate, activeStatus, txnAccessCode) VALUES (?, ?, ?, ?, ?, ?, ?, ?, ?)
	bind => [0B79B6E8-2C61-4157-9028-C679E9F92D90, d3kwiRfsY89qUVEdVmemlYwv7dltwuYRZqFjSJnGscHF7mO3GU, 1, AAAAA, 2016-04-02 09:32:47.14, null, 2016-04-02 09:32:47.14, 1, 51000]
[EL Fine]: sql: 2016-04-02 09:32:47.147--ClientSession(1354362071)--Connection(1822933698)--Thread(Thread[Test worker,5,main])--INSERT INTO ast_Brand_M (brandcode, branddesc, categoryId, versionId, createdBy, createdDate, updatedBy, updatedDate, activeStatus, txnAccessCode) VALUES (?, ?, ?, ?, ?, ?, ?, ?, ?, ?)
	bind => [DAB4B87A-1F13-45A9-BB8A-BE4BD75A0FC6, vraUZjV9buhwvm9XUAVtNnK1qC63vVzuVU5t6CTcFn0BTuPbiX, 0B79B6E8-2C61-4157-9028-C679E9F92D90, 1, AAAAA, 2016-04-02 09:32:47.14, null, 2016-04-02 09:32:47.14, 1, 51000]
Setting logged in user info for ADD
[EL Fine]: sql: 2016-04-02 09:32:47.152--ClientSession(1861020257)--Connection(1822933698)--Thread(Thread[Test worker,5,main])--INSERT INTO ast_Material_M (materialcode, brandcode, materialdesc, versionId, createdBy, createdDate, updatedBy, updatedDate, activeStatus, txnAccessCode) VALUES (?, ?, ?, ?, ?, ?, ?, ?, ?, ?)
	bind => [33E31DE6-3909-4975-9F8C-CEEC4242641E, DAB4B87A-1F13-45A9-BB8A-BE4BD75A0FC6, vO95m0yovJfB6rxBerOBAqewgOtXhXwUZb4ZeqUF4DZOTJda6S, 1, AAAAA, 2016-04-02 09:32:47.15, null, 2016-04-02 09:32:47.15, 1, 51000]
[EL Fine]: sql: 2016-04-02 09:32:47.16--ClientSession(1696946964)--Connection(1822933698)--Thread(Thread[Test worker,5,main])--SELECT materialcode, brandcode, materialdesc, versionId, createdBy, createdDate, updatedBy, updatedDate, activeStatus, txnAccessCode FROM ast_Material_M WHERE ((activeStatus = ?) AND (materialcode = ?))
	bind => [1, 33E31DE6-3909-4975-9F8C-CEEC4242641E]
Setting logged in user info for UPDATE
[EL Fine]: sql: 2016-04-02 09:32:47.165--ClientSession(180624318)--Connection(1822933698)--Thread(Thread[Test worker,5,main])--SELECT materialcode, brandcode, materialdesc, versionId, createdBy, createdDate, updatedBy, updatedDate, activeStatus, txnAccessCode FROM ast_Material_M WHERE (materialcode = ?)
	bind => [33E31DE6-3909-4975-9F8C-CEEC4242641E]
[EL Fine]: sql: 2016-04-02 09:32:47.167--ClientSession(180624318)--Connection(1822933698)--Thread(Thread[Test worker,5,main])--UPDATE ast_Material_M SET materialdesc = ?, updatedBy = ?, versionId = ? WHERE ((materialcode = ?) AND (versionId = ?))
	bind => [HSTiGbb8sEVvwTF8ZRQ8MAwI3cWeX65YYsjM5oSJjC2K31j6aH, AAAAA, 2, 33E31DE6-3909-4975-9F8C-CEEC4242641E, 1]
[EL Fine]: sql: 2016-04-02 09:32:47.173--ClientSession(2067615601)--Connection(1822933698)--Thread(Thread[Test worker,5,main])--SELECT materialcode, brandcode, materialdesc, versionId, createdBy, createdDate, updatedBy, updatedDate, activeStatus, txnAccessCode FROM ast_Material_M WHERE ((activeStatus = ?) AND (materialcode = ?))
	bind => [1, 33E31DE6-3909-4975-9F8C-CEEC4242641E]
[EL Fine]: sql: 2016-04-02 09:32:47.179--ClientSession(896890391)--Connection(1822933698)--Thread(Thread[Test worker,5,main])--SELECT materialcode, brandcode, materialdesc, versionId, createdBy, createdDate, updatedBy, updatedDate, activeStatus, txnAccessCode FROM ast_Material_M WHERE ((activeStatus = ?) AND (brandcode = ?))
	bind => [1, DAB4B87A-1F13-45A9-BB8A-BE4BD75A0FC6]
[EL Fine]: sql: 2016-04-02 09:32:47.2--ClientSession(1196375890)--Connection(1822933698)--Thread(Thread[Test worker,5,main])--SELECT materialcode, brandcode, materialdesc, versionId, createdBy, createdDate, updatedBy, updatedDate, activeStatus, txnAccessCode FROM ast_Material_M WHERE (materialcode = ?)
	bind => [33E31DE6-3909-4975-9F8C-CEEC4242641E]
[EL Fine]: sql: 2016-04-02 09:32:47.202--ClientSession(1196375890)--Connection(1822933698)--Thread(Thread[Test worker,5,main])--DELETE FROM ast_Material_M WHERE ((materialcode = ?) AND (versionId = ?))
	bind => [33E31DE6-3909-4975-9F8C-CEEC4242641E, 2]
[EL Fine]: sql: 2016-04-02 09:32:47.205--ClientSession(1788710207)--Connection(1822933698)--Thread(Thread[Test worker,5,main])--SELECT brandcode, branddesc, categoryId, versionId, createdBy, createdDate, updatedBy, updatedDate, activeStatus, txnAccessCode FROM ast_Brand_M WHERE (brandcode = ?)
	bind => [DAB4B87A-1F13-45A9-BB8A-BE4BD75A0FC6]
[EL Fine]: sql: 2016-04-02 09:32:47.207--ClientSession(1788710207)--Connection(1822933698)--Thread(Thread[Test worker,5,main])--DELETE FROM ast_Brand_M WHERE ((brandcode = ?) AND (versionId = ?))
	bind => [DAB4B87A-1F13-45A9-BB8A-BE4BD75A0FC6, 1]
[EL Fine]: sql: 2016-04-02 09:32:47.209--ClientSession(503643290)--Connection(1822933698)--Thread(Thread[Test worker,5,main])--SELECT categoryId, category, versionId, createdBy, createdDate, updatedBy, updatedDate, activeStatus, txnAccessCode FROM ast_Category_M WHERE (categoryId = ?)
	bind => [0B79B6E8-2C61-4157-9028-C679E9F92D90]
[EL Fine]: sql: 2016-04-02 09:32:47.21--ClientSession(503643290)--Connection(1822933698)--Thread(Thread[Test worker,5,main])--DELETE FROM ast_Category_M WHERE ((categoryId = ?) AND (versionId = ?))
	bind => [0B79B6E8-2C61-4157-9028-C679E9F92D90, 1]
]]></system-out>
  <system-err><![CDATA[com.app.shared.salesboundedcontext.sales.Material.materialdesc may not be null
com.athena.framework.server.exception.biz.SpartanConstraintViolationException: Exception in validating entity /com.app.shared.salesboundedcontext.sales.Material.materialdesc may not be null

	at com.athena.framework.server.helper.EntityValidatorHelper.validateEntity(EntityValidatorHelper.java:28)
	at com.app.shared.salesboundedcontext.sales.Material.isValid(Material.java:149)
	at com.app.server.service.salesboundedcontext.sales.MaterialTestCase.validateMaterial(MaterialTestCase.java:213)
	at com.app.server.service.salesboundedcontext.sales.MaterialTestCase.test5NegativeTesting(MaterialTestCase.java:244)
	at sun.reflect.NativeMethodAccessorImpl.invoke0(Native Method)
	at sun.reflect.NativeMethodAccessorImpl.invoke(NativeMethodAccessorImpl.java:57)
	at sun.reflect.DelegatingMethodAccessorImpl.invoke(DelegatingMethodAccessorImpl.java:43)
	at java.lang.reflect.Method.invoke(Method.java:606)
	at org.junit.runners.model.FrameworkMethod$1.runReflectiveCall(FrameworkMethod.java:47)
	at org.junit.internal.runners.model.ReflectiveCallable.run(ReflectiveCallable.java:12)
	at org.junit.runners.model.FrameworkMethod.invokeExplosively(FrameworkMethod.java:44)
	at org.junit.internal.runners.statements.InvokeMethod.evaluate(InvokeMethod.java:17)
	at org.junit.internal.runners.statements.RunBefores.evaluate(RunBefores.java:26)
	at org.springframework.test.context.junit4.statements.RunBeforeTestMethodCallbacks.evaluate(RunBeforeTestMethodCallbacks.java:74)
	at org.junit.internal.runners.statements.RunAfters.evaluate(RunAfters.java:27)
	at org.springframework.test.context.junit4.statements.RunAfterTestMethodCallbacks.evaluate(RunAfterTestMethodCallbacks.java:83)
	at org.springframework.test.context.junit4.statements.SpringRepeat.evaluate(SpringRepeat.java:72)
	at org.springframework.test.context.junit4.SpringJUnit4ClassRunner.runChild(SpringJUnit4ClassRunner.java:233)
	at org.springframework.test.context.junit4.SpringJUnit4ClassRunner.runChild(SpringJUnit4ClassRunner.java:87)
	at org.junit.runners.ParentRunner$3.run(ParentRunner.java:238)
	at org.junit.runners.ParentRunner$1.schedule(ParentRunner.java:63)
	at org.junit.runners.ParentRunner.runChildren(ParentRunner.java:236)
	at org.junit.runners.ParentRunner.access$000(ParentRunner.java:53)
	at org.junit.runners.ParentRunner$2.evaluate(ParentRunner.java:229)
	at org.springframework.test.context.junit4.statements.RunBeforeTestClassCallbacks.evaluate(RunBeforeTestClassCallbacks.java:61)
	at org.springframework.test.context.junit4.statements.RunAfterTestClassCallbacks.evaluate(RunAfterTestClassCallbacks.java:71)
	at org.junit.runners.ParentRunner.run(ParentRunner.java:309)
	at org.springframework.test.context.junit4.SpringJUnit4ClassRunner.run(SpringJUnit4ClassRunner.java:176)
	at org.gradle.api.internal.tasks.testing.junit.JUnitTestClassExecuter.runTestClass(JUnitTestClassExecuter.java:86)
	at org.gradle.api.internal.tasks.testing.junit.JUnitTestClassExecuter.execute(JUnitTestClassExecuter.java:49)
	at org.gradle.api.internal.tasks.testing.junit.JUnitTestClassProcessor.processTestClass(JUnitTestClassProcessor.java:64)
	at org.gradle.api.internal.tasks.testing.SuiteTestClassProcessor.processTestClass(SuiteTestClassProcessor.java:50)
	at sun.reflect.NativeMethodAccessorImpl.invoke0(Native Method)
	at sun.reflect.NativeMethodAccessorImpl.invoke(NativeMethodAccessorImpl.java:57)
	at sun.reflect.DelegatingMethodAccessorImpl.invoke(DelegatingMethodAccessorImpl.java:43)
	at java.lang.reflect.Method.invoke(Method.java:606)
	at org.gradle.messaging.dispatch.ReflectionDispatch.dispatch(ReflectionDispatch.java:35)
	at org.gradle.messaging.dispatch.ReflectionDispatch.dispatch(ReflectionDispatch.java:24)
	at org.gradle.messaging.dispatch.ContextClassLoaderDispatch.dispatch(ContextClassLoaderDispatch.java:32)
	at org.gradle.messaging.dispatch.ProxyDispatchAdapter$DispatchingInvocationHandler.invoke(ProxyDispatchAdapter.java:93)
	at com.sun.proxy.$Proxy2.processTestClass(Unknown Source)
	at org.gradle.api.internal.tasks.testing.worker.TestWorker.processTestClass(TestWorker.java:106)
	at sun.reflect.NativeMethodAccessorImpl.invoke0(Native Method)
	at sun.reflect.NativeMethodAccessorImpl.invoke(NativeMethodAccessorImpl.java:57)
	at sun.reflect.DelegatingMethodAccessorImpl.invoke(DelegatingMethodAccessorImpl.java:43)
	at java.lang.reflect.Method.invoke(Method.java:606)
	at org.gradle.messaging.dispatch.ReflectionDispatch.dispatch(ReflectionDispatch.java:35)
	at org.gradle.messaging.dispatch.ReflectionDispatch.dispatch(ReflectionDispatch.java:24)
	at org.gradle.messaging.remote.internal.hub.MessageHub$Handler.run(MessageHub.java:360)
	at org.gradle.internal.concurrent.DefaultExecutorFactory$StoppableExecutorImpl$1.run(DefaultExecutorFactory.java:64)
	at java.util.concurrent.ThreadPoolExecutor.runWorker(ThreadPoolExecutor.java:1145)
	at java.util.concurrent.ThreadPoolExecutor$Worker.run(ThreadPoolExecutor.java:615)
	at java.lang.Thread.run(Thread.java:745)
com.app.shared.salesboundedcontext.sales.Material.materialdesc size must be between 0 and 64
com.athena.framework.server.exception.biz.SpartanConstraintViolationException: Exception in validating entity /com.app.shared.salesboundedcontext.sales.Material.materialdesc size must be between 0 and 64

	at com.athena.framework.server.helper.EntityValidatorHelper.validateEntity(EntityValidatorHelper.java:28)
	at com.app.shared.salesboundedcontext.sales.Material.isValid(Material.java:149)
	at com.app.server.service.salesboundedcontext.sales.MaterialTestCase.validateMaterial(MaterialTestCase.java:211)
	at com.app.server.service.salesboundedcontext.sales.MaterialTestCase.test5NegativeTesting(MaterialTestCase.java:249)
	at sun.reflect.NativeMethodAccessorImpl.invoke0(Native Method)
	at sun.reflect.NativeMethodAccessorImpl.invoke(NativeMethodAccessorImpl.java:57)
	at sun.reflect.DelegatingMethodAccessorImpl.invoke(DelegatingMethodAccessorImpl.java:43)
	at java.lang.reflect.Method.invoke(Method.java:606)
	at org.junit.runners.model.FrameworkMethod$1.runReflectiveCall(FrameworkMethod.java:47)
	at org.junit.internal.runners.model.ReflectiveCallable.run(ReflectiveCallable.java:12)
	at org.junit.runners.model.FrameworkMethod.invokeExplosively(FrameworkMethod.java:44)
	at org.junit.internal.runners.statements.InvokeMethod.evaluate(InvokeMethod.java:17)
	at org.junit.internal.runners.statements.RunBefores.evaluate(RunBefores.java:26)
	at org.springframework.test.context.junit4.statements.RunBeforeTestMethodCallbacks.evaluate(RunBeforeTestMethodCallbacks.java:74)
	at org.junit.internal.runners.statements.RunAfters.evaluate(RunAfters.java:27)
	at org.springframework.test.context.junit4.statements.RunAfterTestMethodCallbacks.evaluate(RunAfterTestMethodCallbacks.java:83)
	at org.springframework.test.context.junit4.statements.SpringRepeat.evaluate(SpringRepeat.java:72)
	at org.springframework.test.context.junit4.SpringJUnit4ClassRunner.runChild(SpringJUnit4ClassRunner.java:233)
	at org.springframework.test.context.junit4.SpringJUnit4ClassRunner.runChild(SpringJUnit4ClassRunner.java:87)
	at org.junit.runners.ParentRunner$3.run(ParentRunner.java:238)
	at org.junit.runners.ParentRunner$1.schedule(ParentRunner.java:63)
	at org.junit.runners.ParentRunner.runChildren(ParentRunner.java:236)
	at org.junit.runners.ParentRunner.access$000(ParentRunner.java:53)
	at org.junit.runners.ParentRunner$2.evaluate(ParentRunner.java:229)
	at org.springframework.test.context.junit4.statements.RunBeforeTestClassCallbacks.evaluate(RunBeforeTestClassCallbacks.java:61)
	at org.springframework.test.context.junit4.statements.RunAfterTestClassCallbacks.evaluate(RunAfterTestClassCallbacks.java:71)
	at org.junit.runners.ParentRunner.run(ParentRunner.java:309)
	at org.springframework.test.context.junit4.SpringJUnit4ClassRunner.run(SpringJUnit4ClassRunner.java:176)
	at org.gradle.api.internal.tasks.testing.junit.JUnitTestClassExecuter.runTestClass(JUnitTestClassExecuter.java:86)
	at org.gradle.api.internal.tasks.testing.junit.JUnitTestClassExecuter.execute(JUnitTestClassExecuter.java:49)
	at org.gradle.api.internal.tasks.testing.junit.JUnitTestClassProcessor.processTestClass(JUnitTestClassProcessor.java:64)
	at org.gradle.api.internal.tasks.testing.SuiteTestClassProcessor.processTestClass(SuiteTestClassProcessor.java:50)
	at sun.reflect.NativeMethodAccessorImpl.invoke0(Native Method)
	at sun.reflect.NativeMethodAccessorImpl.invoke(NativeMethodAccessorImpl.java:57)
	at sun.reflect.DelegatingMethodAccessorImpl.invoke(DelegatingMethodAccessorImpl.java:43)
	at java.lang.reflect.Method.invoke(Method.java:606)
	at org.gradle.messaging.dispatch.ReflectionDispatch.dispatch(ReflectionDispatch.java:35)
	at org.gradle.messaging.dispatch.ReflectionDispatch.dispatch(ReflectionDispatch.java:24)
	at org.gradle.messaging.dispatch.ContextClassLoaderDispatch.dispatch(ContextClassLoaderDispatch.java:32)
	at org.gradle.messaging.dispatch.ProxyDispatchAdapter$DispatchingInvocationHandler.invoke(ProxyDispatchAdapter.java:93)
	at com.sun.proxy.$Proxy2.processTestClass(Unknown Source)
	at org.gradle.api.internal.tasks.testing.worker.TestWorker.processTestClass(TestWorker.java:106)
	at sun.reflect.NativeMethodAccessorImpl.invoke0(Native Method)
	at sun.reflect.NativeMethodAccessorImpl.invoke(NativeMethodAccessorImpl.java:57)
	at sun.reflect.DelegatingMethodAccessorImpl.invoke(DelegatingMethodAccessorImpl.java:43)
	at java.lang.reflect.Method.invoke(Method.java:606)
	at org.gradle.messaging.dispatch.ReflectionDispatch.dispatch(ReflectionDispatch.java:35)
	at org.gradle.messaging.dispatch.ReflectionDispatch.dispatch(ReflectionDispatch.java:24)
	at org.gradle.messaging.remote.internal.hub.MessageHub$Handler.run(MessageHub.java:360)
	at org.gradle.internal.concurrent.DefaultExecutorFactory$StoppableExecutorImpl$1.run(DefaultExecutorFactory.java:64)
	at java.util.concurrent.ThreadPoolExecutor.runWorker(ThreadPoolExecutor.java:1145)
	at java.util.concurrent.ThreadPoolExecutor$Worker.run(ThreadPoolExecutor.java:615)
	at java.lang.Thread.run(Thread.java:745)
]]></system-err>
</testsuite>
